 (0,0): Unity incremental compiler server
 (0,0): watchdog active on pid: 4752
 (0,0): [10/13/2018 03:01:02.126 PM] Unity.TextMeshPro.dll: no prior compilation found in cache
 (0,0): [10/13/2018 03:01:02.140 PM] Unity.TextMeshPro.dll compiling...
 (0,0): [10/13/2018 03:01:02.152 PM] Unity.Properties.dll: no prior compilation found in cache
 (0,0): [10/13/2018 03:01:02.164 PM] Unity.Properties.dll compiling...
 (0,0): [10/13/2018 03:01:02.172 PM] Unity.Mathematics.dll: no prior compilation found in cache
 (0,0): [10/13/2018 03:01:02.185 PM] Unity.Mathematics.dll compiling...
 (0,0): [10/13/2018 03:01:02.341 PM] Unity.Burst.dll: no prior compilation found in cache
 (0,0): [10/13/2018 03:01:02.343 PM] Unity.PackageManagerUI.Editor.dll: no prior compilation found in cache
 (0,0): [10/13/2018 03:01:02.364 PM] Unity.PackageManagerUI.Editor.dll compiling...
 (0,0): [10/13/2018 03:01:02.364 PM] Unity.Burst.dll compiling...
 (0,0): [10/13/2018 03:01:02.451 PM] UnityEditor.StandardEvents.dll: no prior compilation found in cache
 (0,0): [10/13/2018 03:01:02.463 PM] UnityEditor.StandardEvents.dll compiling...
 (0,0): [10/13/2018 03:01:05.334 PM] Unity.Properties.dll: emitting IL to : C:\UnityProjects\DungeonMakerRemake\DMR\Temp\Unity.Properties.dll
 (0,0): [10/13/2018 03:01:05.334 PM] Unity.TextMeshPro.dll: emitting IL to : C:\UnityProjects\DungeonMakerRemake\DMR\Temp\Unity.TextMeshPro.dll
 (0,0): [10/13/2018 03:01:05.334 PM] UnityEditor.StandardEvents.dll: emitting IL to : C:\UnityProjects\DungeonMakerRemake\DMR\Temp\UnityEditor.StandardEvents.dll
 (0,0): [10/13/2018 03:01:05.334 PM] Unity.PackageManagerUI.Editor.dll: emitting IL to : C:\UnityProjects\DungeonMakerRemake\DMR\Temp\Unity.PackageManagerUI.Editor.dll
 (0,0): [10/13/2018 03:01:05.334 PM] Unity.Burst.dll: emitting IL to : C:\UnityProjects\DungeonMakerRemake\DMR\Temp\Unity.Burst.dll
 (0,0): [10/13/2018 03:01:05.398 PM] UnityEditor.StandardEvents.dll compilation finished in 2935ms  source files re-parsed: 1 metadata reloaded: 101
 (0,0): [10/13/2018 03:01:05.399 PM] Unity.Properties.dll compilation finished in 3234ms  source files re-parsed: 34 metadata reloaded: 205
 (0,0): [10/13/2018 03:01:05.398 PM] Unity.Burst.dll compilation finished in 3034ms  source files re-parsed: 3 metadata reloaded: 105
 (0,0): [10/13/2018 03:01:05.424 PM] Unity.PackageManagerUI.Editor.dll compilation finished in 3059ms  source files re-parsed: 44 metadata reloaded: 106
 (0,0): [10/13/2018 03:01:05.447 PM] Unity.TextMeshPro.dll compilation finished in 3306ms  source files re-parsed: 45 metadata reloaded: 192
 (0,0): [10/13/2018 03:01:05.701 PM] Unity.Properties.Editor.dll: no prior compilation found in cache
 (0,0): [10/13/2018 03:01:05.713 PM] Unity.Properties.Editor.dll compiling...
 (0,0): [10/13/2018 03:01:05.818 PM] Unity.Properties.Codegen.dll: no prior compilation found in cache
 (0,0): [10/13/2018 03:01:05.830 PM] Unity.Properties.Codegen.dll compiling...
 (0,0): [10/13/2018 03:01:05.862 PM] Unity.Properties.Editor.dll: emitting IL to : C:\UnityProjects\DungeonMakerRemake\DMR\Temp\Unity.Properties.Editor.dll
 (0,0): [10/13/2018 03:01:05.891 PM] Unity.Properties.Codegen.dll: emitting IL to : C:\UnityProjects\DungeonMakerRemake\DMR\Temp\Unity.Properties.Codegen.dll
 (0,0): [10/13/2018 03:01:05.952 PM] Unity.Properties.Editor.dll compilation finished in 239ms  source files re-parsed: 23 metadata reloaded: 1
 (0,0): [10/13/2018 03:01:05.955 PM] Unity.Properties.Codegen.dll compilation finished in 125ms  source files re-parsed: 7 metadata reloaded: 0
 (0,0): [10/13/2018 03:01:05.974 PM] Unity.TextMeshPro.Editor.dll: no prior compilation found in cache
 (0,0): [10/13/2018 03:01:05.987 PM] Unity.TextMeshPro.Editor.dll compiling...
 (0,0): [10/13/2018 03:01:06.062 PM] Unity.Burst.Editor.dll: no prior compilation found in cache
 (0,0): [10/13/2018 03:01:06.069 PM] Unity.Mathematics.dll: emitting IL to : C:\UnityProjects\DungeonMakerRemake\DMR\Temp\Unity.Mathematics.dll
 (0,0): [10/13/2018 03:01:06.086 PM] Unity.Burst.Editor.dll compiling...
 (0,0): [10/13/2018 03:01:06.148 PM] Unity.Mathematics.dll compilation finished in 3963ms  source files re-parsed: 82 metadata reloaded: 169
 (0,0): [10/13/2018 03:01:06.192 PM] Unity.Burst.Editor.dll: emitting IL to : C:\UnityProjects\DungeonMakerRemake\DMR\Temp\Unity.Burst.Editor.dll
 (0,0): [10/13/2018 03:01:06.228 PM] Unity.TextMeshPro.Editor.dll: emitting IL to : C:\UnityProjects\DungeonMakerRemake\DMR\Temp\Unity.TextMeshPro.Editor.dll
 (0,0): [10/13/2018 03:01:06.247 PM] Unity.Burst.Editor.dll compilation finished in 160ms  source files re-parsed: 10 metadata reloaded: 1
 (0,0): [10/13/2018 03:01:06.306 PM] Unity.TextMeshPro.Editor.dll compilation finished in 319ms  source files re-parsed: 39 metadata reloaded: 1
 (0,0): [10/13/2018 03:01:06.362 PM] Unity.Collections.dll: no prior compilation found in cache
 (0,0): [10/13/2018 03:01:06.374 PM] Unity.Collections.dll compiling...
 (0,0): [10/13/2018 03:01:06.452 PM] Unity.Collections.dll: emitting IL to : C:\UnityProjects\DungeonMakerRemake\DMR\Temp\Unity.Collections.dll
 (0,0): [10/13/2018 03:01:06.466 PM] Unity.Mathematics.Editor.dll: no prior compilation found in cache
 (0,0): [10/13/2018 03:01:06.478 PM] Unity.Mathematics.Editor.dll compiling...
 (0,0): [10/13/2018 03:01:06.508 PM] Unity.Collections.dll compilation finished in 134ms  source files re-parsed: 12 metadata reloaded: 1
 (0,0): [10/13/2018 03:01:06.541 PM] Unity.Mathematics.Editor.dll: emitting IL to : C:\UnityProjects\DungeonMakerRemake\DMR\Temp\Unity.Mathematics.Editor.dll
 (0,0): [10/13/2018 03:01:06.588 PM] Unity.Mathematics.Editor.dll compilation finished in 110ms  source files re-parsed: 4 metadata reloaded: 0
 (0,0): [10/13/2018 03:01:06.790 PM] Unity.Entities.dll: no prior compilation found in cache
 (0,0): [10/13/2018 03:01:06.802 PM] Unity.Entities.dll compiling...
 (0,0): [10/13/2018 03:01:06.945 PM] Unity.Jobs.dll: no prior compilation found in cache
 (0,0): [10/13/2018 03:01:06.984 PM] Unity.Jobs.dll compiling...
 (0,0): [10/13/2018 03:01:07.062 PM] Unity.Jobs.dll: emitting IL to : C:\UnityProjects\DungeonMakerRemake\DMR\Temp\Unity.Jobs.dll
 (0,0): [10/13/2018 03:01:07.100 PM] Unity.Entities.dll: emitting IL to : C:\UnityProjects\DungeonMakerRemake\DMR\Temp\Unity.Entities.dll
 (0,0): [10/13/2018 03:01:07.108 PM] Unity.Jobs.dll compilation finished in 124ms  source files re-parsed: 3 metadata reloaded: 0
 (0,0): [10/13/2018 03:01:07.155 PM] Unity.Entities.dll compilation finished in 353ms  source files re-parsed: 58 metadata reloaded: 1
 (0,0): [10/13/2018 03:01:07.396 PM] Unity.Jobs.Editor.dll: no prior compilation found in cache
 (0,0): [10/13/2018 03:01:07.409 PM] Unity.Jobs.Editor.dll compiling...
 (0,0): [10/13/2018 03:01:07.433 PM] Unity.Jobs.Editor.dll: emitting IL to : C:\UnityProjects\DungeonMakerRemake\DMR\Temp\Unity.Jobs.Editor.dll
 (0,0): [10/13/2018 03:01:07.465 PM] Unity.Jobs.Editor.dll compilation finished in 56ms  source files re-parsed: 1 metadata reloaded: 1
 (0,0): [10/13/2018 03:01:07.495 PM] Unity.Entities.Hybrid.dll: no prior compilation found in cache
 (0,0): [10/13/2018 03:01:07.507 PM] Unity.Entities.Hybrid.dll compiling...
 (0,0): [10/13/2018 03:01:07.593 PM] Unity.Entities.Hybrid.dll: emitting IL to : C:\UnityProjects\DungeonMakerRemake\DMR\Temp\Unity.Entities.Hybrid.dll
 (0,0): [10/13/2018 03:01:07.634 PM] Unity.Entities.Hybrid.dll compilation finished in 127ms  source files re-parsed: 12 metadata reloaded: 1
 (0,0): [10/13/2018 03:01:07.898 PM] Unity.Transforms.dll: no prior compilation found in cache
 (0,0): [10/13/2018 03:01:07.910 PM] Unity.Transforms.dll compiling...
 (0,0): [10/13/2018 03:01:07.985 PM] Unity.Transforms.dll: emitting IL to : C:\UnityProjects\DungeonMakerRemake\DMR\Temp\Unity.Transforms.dll
 (0,0): [10/13/2018 03:01:08.024 PM] Unity.Transforms.dll compilation finished in 114ms  source files re-parsed: 9 metadata reloaded: 1
 (0,0): [10/13/2018 03:01:08.274 PM] Unity.Rendering.Hybrid.dll: no prior compilation found in cache
 (0,0): [10/13/2018 03:01:08.286 PM] Unity.Rendering.Hybrid.dll compiling...
 (0,0): [10/13/2018 03:01:08.339 PM] Unity.Rendering.Hybrid.dll: emitting IL to : C:\UnityProjects\DungeonMakerRemake\DMR\Temp\Unity.Rendering.Hybrid.dll
 (0,0): [10/13/2018 03:01:08.366 PM] Unity.Entities.Properties.dll: no prior compilation found in cache
 (0,0): [10/13/2018 03:01:08.378 PM] Unity.Entities.Properties.dll compiling...
 (0,0): [10/13/2018 03:01:08.382 PM] Unity.Rendering.Hybrid.dll compilation finished in 96ms  source files re-parsed: 9 metadata reloaded: 1
 (0,0): [10/13/2018 03:01:08.440 PM] Unity.Entities.Properties.dll: emitting IL to : C:\UnityProjects\DungeonMakerRemake\DMR\Temp\Unity.Entities.Properties.dll
 (0,0): [10/13/2018 03:01:08.471 PM] Unity.Transforms.Hybrid.dll: no prior compilation found in cache
 (0,0): [10/13/2018 03:01:08.483 PM] Unity.Transforms.Hybrid.dll compiling...
 (0,0): [10/13/2018 03:01:08.497 PM] Unity.Entities.Properties.dll compilation finished in 119ms  source files re-parsed: 14 metadata reloaded: 0
 (0,0): [10/13/2018 03:01:08.532 PM] Unity.Transforms.Hybrid.dll: emitting IL to : C:\UnityProjects\DungeonMakerRemake\DMR\Temp\Unity.Transforms.Hybrid.dll
 (0,0): [10/13/2018 03:01:08.561 PM] Unity.Transforms.Hybrid.dll compilation finished in 78ms  source files re-parsed: 6 metadata reloaded: 0
 (0,0): [10/13/2018 03:01:08.777 PM] Unity.Entities.Editor.dll: no prior compilation found in cache
 (0,0): [10/13/2018 03:01:08.789 PM] Unity.Entities.Editor.dll compiling...
 (0,0): [10/13/2018 03:01:08.929 PM] Unity.Entities.Editor.dll: emitting IL to : C:\UnityProjects\DungeonMakerRemake\DMR\Temp\Unity.Entities.Editor.dll
 (0,0): [10/13/2018 03:01:08.975 PM] Unity.Entities.Editor.dll compilation finished in 186ms  source files re-parsed: 25 metadata reloaded: 1
 (0,0): [10/13/2018 03:01:09.151 PM] Unity.Transforms.Editor.dll: no prior compilation found in cache
 (0,0): [10/13/2018 03:01:09.163 PM] Unity.Transforms.Editor.dll compiling...
 (0,0): [10/13/2018 03:01:09.194 PM] Unity.Transforms.Editor.dll: emitting IL to : C:\UnityProjects\DungeonMakerRemake\DMR\Temp\Unity.Transforms.Editor.dll
 (0,0): [10/13/2018 03:01:09.228 PM] Unity.Transforms.Editor.dll compilation finished in 65ms  source files re-parsed: 1 metadata reloaded: 2
 (0,0): [10/13/2018 03:01:11.109 PM] Assembly-CSharp.dll: no prior compilation found in cache
 (0,0): [10/13/2018 03:01:11.121 PM] Assembly-CSharp.dll compiling...
 (0,0): [10/13/2018 03:01:11.282 PM] Assembly-CSharp.dll: emitting IL to : C:\UnityProjects\DungeonMakerRemake\DMR\Temp\Assembly-CSharp.dll
 (0,0): [10/13/2018 03:01:11.340 PM] Assembly-CSharp.dll compilation finished in 219ms  source files re-parsed: 41 metadata reloaded: 10
 (0,0): [10/13/2018 03:01:14.903 PM] Unity.TextMeshPro.dll: no prior compilation found in cache
 (0,0): [10/13/2018 03:01:14.915 PM] Unity.TextMeshPro.dll compiling...
 (0,0): [10/13/2018 03:01:14.979 PM] Unity.Mathematics.dll: no prior compilation found in cache
 (0,0): [10/13/2018 03:01:15.000 PM] Unity.Mathematics.dll compiling...
 (0,0): [10/13/2018 03:01:15.181 PM] Unity.Properties.dll: no prior compilation found in cache
 (0,0): [10/13/2018 03:01:15.199 PM] Unity.Properties.dll compiling...
 (0,0): [10/13/2018 03:01:15.260 PM] Unity.PackageManagerUI.Editor.dll: no prior compilation found in cache
 (0,0): [10/13/2018 03:01:15.278 PM] Unity.PackageManagerUI.Editor.dll compiling...
 (0,0): [10/13/2018 03:01:15.431 PM] UnityEditor.StandardEvents.dll: no prior compilation found in cache
 (0,0): [10/13/2018 03:01:15.456 PM] UnityEditor.StandardEvents.dll compiling...
 (0,0): [10/13/2018 03:01:15.501 PM] Unity.Burst.dll: no prior compilation found in cache
 (0,0): [10/13/2018 03:01:15.521 PM] Unity.Burst.dll compiling...
 (0,0): [10/13/2018 03:01:15.573 PM] UnityEditor.StandardEvents.dll: emitting IL to : C:\UnityProjects\DungeonMakerRemake\DMR\Temp\UnityEditor.StandardEvents.dll
 (0,0): [10/13/2018 03:01:15.634 PM] Unity.Burst.dll: emitting IL to : C:\UnityProjects\DungeonMakerRemake\DMR\Temp\Unity.Burst.dll
 (0,0): [10/13/2018 03:01:15.635 PM] UnityEditor.StandardEvents.dll compilation finished in 179ms  source files re-parsed: 1 metadata reloaded: 0
 (0,0): [10/13/2018 03:01:15.678 PM] Unity.Burst.dll compilation finished in 157ms  source files re-parsed: 3 metadata reloaded: 0
 (0,0): [10/13/2018 03:01:15.687 PM] Unity.PackageManagerUI.Editor.dll: emitting IL to : C:\UnityProjects\DungeonMakerRemake\DMR\Temp\Unity.PackageManagerUI.Editor.dll
 (0,0): [10/13/2018 03:01:15.687 PM] Unity.Properties.dll: emitting IL to : C:\UnityProjects\DungeonMakerRemake\DMR\Temp\Unity.Properties.dll
 (0,0): [10/13/2018 03:01:15.746 PM] Unity.PackageManagerUI.Editor.dll compilation finished in 467ms  source files re-parsed: 44 metadata reloaded: 0
 (0,0): [10/13/2018 03:01:15.806 PM] Unity.Properties.dll compilation finished in 606ms  source files re-parsed: 34 metadata reloaded: 0
 (0,0): [10/13/2018 03:01:15.872 PM] Unity.TextMeshPro.dll: emitting IL to : C:\UnityProjects\DungeonMakerRemake\DMR\Temp\Unity.TextMeshPro.dll
 (0,0): [10/13/2018 03:01:16.086 PM] Unity.TextMeshPro.dll compilation finished in 1171ms  source files re-parsed: 45 metadata reloaded: 0
 (0,0): [10/13/2018 03:01:16.332 PM] Unity.Properties.Editor.dll: no prior compilation found in cache
 (0,0): [10/13/2018 03:01:16.344 PM] Unity.Properties.Editor.dll compiling...
 (0,0): [10/13/2018 03:01:16.430 PM] Unity.Burst.Editor.dll: no prior compilation found in cache
 (0,0): [10/13/2018 03:01:16.440 PM] Unity.Properties.Editor.dll: emitting IL to : C:\UnityProjects\DungeonMakerRemake\DMR\Temp\Unity.Properties.Editor.dll
 (0,0): [10/13/2018 03:01:16.447 PM] Unity.Burst.Editor.dll compiling...
 (0,0): [10/13/2018 03:01:16.496 PM] Unity.Burst.Editor.dll: emitting IL to : C:\UnityProjects\DungeonMakerRemake\DMR\Temp\Unity.Burst.Editor.dll
 (0,0): [10/13/2018 03:01:16.503 PM] Unity.Properties.Editor.dll compilation finished in 158ms  source files re-parsed: 23 metadata reloaded: 1
 (0,0): [10/13/2018 03:01:16.526 PM] Unity.Properties.Codegen.dll: no prior compilation found in cache
 (0,0): [10/13/2018 03:01:16.538 PM] Unity.Properties.Codegen.dll compiling...
 (0,0): [10/13/2018 03:01:16.538 PM] Unity.Burst.Editor.dll compilation finished in 90ms  source files re-parsed: 10 metadata reloaded: 1
 (0,0): [10/13/2018 03:01:16.577 PM] Unity.Properties.Codegen.dll: emitting IL to : C:\UnityProjects\DungeonMakerRemake\DMR\Temp\Unity.Properties.Codegen.dll
 (0,0): [10/13/2018 03:01:16.629 PM] Unity.TextMeshPro.Editor.dll: no prior compilation found in cache
 (0,0): [10/13/2018 03:01:16.641 PM] Unity.TextMeshPro.Editor.dll compiling...
 (0,0): [10/13/2018 03:01:16.644 PM] Unity.Properties.Codegen.dll compilation finished in 106ms  source files re-parsed: 7 metadata reloaded: 0
 (0,0): [10/13/2018 03:01:16.799 PM] Unity.TextMeshPro.Editor.dll: emitting IL to : C:\UnityProjects\DungeonMakerRemake\DMR\Temp\Unity.TextMeshPro.Editor.dll
 (0,0): [10/13/2018 03:01:16.909 PM] Unity.TextMeshPro.Editor.dll compilation finished in 268ms  source files re-parsed: 39 metadata reloaded: 1
 (0,0): [10/13/2018 03:01:16.967 PM] Unity.Mathematics.dll: emitting IL to : C:\UnityProjects\DungeonMakerRemake\DMR\Temp\Unity.Mathematics.dll
 (0,0): [10/13/2018 03:01:17.033 PM] Unity.Mathematics.dll compilation finished in 2033ms  source files re-parsed: 82 metadata reloaded: 0
 (0,0): [10/13/2018 03:01:17.458 PM] Unity.Collections.dll: no prior compilation found in cache
 (0,0): [10/13/2018 03:01:17.472 PM] Unity.Collections.dll compiling...
 (0,0): [10/13/2018 03:01:17.530 PM] Unity.Collections.dll: emitting IL to : C:\UnityProjects\DungeonMakerRemake\DMR\Temp\Unity.Collections.dll
 (0,0): [10/13/2018 03:01:17.558 PM] Unity.Mathematics.Editor.dll: no prior compilation found in cache
 (0,0): [10/13/2018 03:01:17.570 PM] Unity.Mathematics.Editor.dll compiling...
 (0,0): [10/13/2018 03:01:17.586 PM] Unity.Collections.dll compilation finished in 114ms  source files re-parsed: 12 metadata reloaded: 1
 (0,0): [10/13/2018 03:01:17.612 PM] Unity.Mathematics.Editor.dll: emitting IL to : C:\UnityProjects\DungeonMakerRemake\DMR\Temp\Unity.Mathematics.Editor.dll
 (0,0): [10/13/2018 03:01:17.655 PM] Unity.Mathematics.Editor.dll compilation finished in 85ms  source files re-parsed: 4 metadata reloaded: 0
 (0,0): [10/13/2018 03:01:17.879 PM] Unity.Entities.dll: no prior compilation found in cache
 (0,0): [10/13/2018 03:01:17.892 PM] Unity.Entities.dll compiling...
 (0,0): [10/13/2018 03:01:18.066 PM] Unity.Jobs.dll: no prior compilation found in cache
 (0,0): [10/13/2018 03:01:18.082 PM] Unity.Jobs.dll compiling...
 (0,0): [10/13/2018 03:01:18.110 PM] Unity.Jobs.dll: emitting IL to : C:\UnityProjects\DungeonMakerRemake\DMR\Temp\Unity.Jobs.dll
 (0,0): [10/13/2018 03:01:18.131 PM] Unity.Entities.dll: emitting IL to : C:\UnityProjects\DungeonMakerRemake\DMR\Temp\Unity.Entities.dll
 (0,0): [10/13/2018 03:01:18.143 PM] Unity.Jobs.dll compilation finished in 61ms  source files re-parsed: 3 metadata reloaded: 0
 (0,0): [10/13/2018 03:01:18.186 PM] Unity.Entities.dll compilation finished in 294ms  source files re-parsed: 58 metadata reloaded: 1
 (0,0): [10/13/2018 03:01:18.710 PM] Unity.Entities.Hybrid.dll: no prior compilation found in cache
 (0,0): [10/13/2018 03:01:18.722 PM] Unity.Entities.Hybrid.dll compiling...
 (0,0): [10/13/2018 03:01:18.760 PM] Unity.Entities.Hybrid.dll: emitting IL to : C:\UnityProjects\DungeonMakerRemake\DMR\Temp\Unity.Entities.Hybrid.dll
 (0,0): [10/13/2018 03:01:18.810 PM] Unity.Entities.Hybrid.dll compilation finished in 88ms  source files re-parsed: 12 metadata reloaded: 2
 (0,0): [10/13/2018 03:01:18.814 PM] Unity.Jobs.Editor.dll: no prior compilation found in cache
 (0,0): [10/13/2018 03:01:18.826 PM] Unity.Jobs.Editor.dll compiling...
 (0,0): [10/13/2018 03:01:18.858 PM] Unity.Jobs.Editor.dll: emitting IL to : C:\UnityProjects\DungeonMakerRemake\DMR\Temp\Unity.Jobs.Editor.dll
 (0,0): [10/13/2018 03:01:18.890 PM] Unity.Jobs.Editor.dll compilation finished in 64ms  source files re-parsed: 1 metadata reloaded: 0
 (0,0): [10/13/2018 03:01:19.121 PM] Unity.Transforms.dll: no prior compilation found in cache
 (0,0): [10/13/2018 03:01:19.133 PM] Unity.Transforms.dll compiling...
 (0,0): [10/13/2018 03:01:19.206 PM] Unity.Transforms.dll: emitting IL to : C:\UnityProjects\DungeonMakerRemake\DMR\Temp\Unity.Transforms.dll
 (0,0): [10/13/2018 03:01:19.245 PM] Unity.Transforms.dll compilation finished in 112ms  source files re-parsed: 9 metadata reloaded: 1
 (0,0): [10/13/2018 03:01:19.500 PM] Unity.Rendering.Hybrid.dll: no prior compilation found in cache
 (0,0): [10/13/2018 03:01:19.513 PM] Unity.Rendering.Hybrid.dll compiling...
 (0,0): [10/13/2018 03:01:19.553 PM] Unity.Rendering.Hybrid.dll: emitting IL to : C:\UnityProjects\DungeonMakerRemake\DMR\Temp\Unity.Rendering.Hybrid.dll
 (0,0): [10/13/2018 03:01:19.614 PM] Unity.Entities.Properties.dll: no prior compilation found in cache
 (0,0): [10/13/2018 03:01:19.617 PM] Unity.Rendering.Hybrid.dll compilation finished in 104ms  source files re-parsed: 9 metadata reloaded: 1
 (0,0): [10/13/2018 03:01:19.626 PM] Unity.Entities.Properties.dll compiling...
 (0,0): [10/13/2018 03:01:19.676 PM] Unity.Entities.Properties.dll: emitting IL to : C:\UnityProjects\DungeonMakerRemake\DMR\Temp\Unity.Entities.Properties.dll
 (0,0): [10/13/2018 03:01:19.699 PM] Unity.Transforms.Hybrid.dll: no prior compilation found in cache
 (0,0): [10/13/2018 03:01:19.711 PM] Unity.Transforms.Hybrid.dll compiling...
 (0,0): [10/13/2018 03:01:19.718 PM] Unity.Entities.Properties.dll compilation finished in 92ms  source files re-parsed: 14 metadata reloaded: 0
 (0,0): [10/13/2018 03:01:19.748 PM] Unity.Transforms.Hybrid.dll: emitting IL to : C:\UnityProjects\DungeonMakerRemake\DMR\Temp\Unity.Transforms.Hybrid.dll
 (0,0): [10/13/2018 03:01:19.781 PM] Unity.Transforms.Hybrid.dll compilation finished in 70ms  source files re-parsed: 6 metadata reloaded: 0
 (0,0): [10/13/2018 03:01:20.220 PM] Unity.Entities.Editor.dll: no prior compilation found in cache
 (0,0): [10/13/2018 03:01:20.232 PM] Unity.Entities.Editor.dll compiling...
 (0,0): [10/13/2018 03:01:20.318 PM] Unity.Entities.Editor.dll: emitting IL to : C:\UnityProjects\DungeonMakerRemake\DMR\Temp\Unity.Entities.Editor.dll
 (0,0): [10/13/2018 03:01:20.363 PM] Unity.Entities.Editor.dll compilation finished in 131ms  source files re-parsed: 25 metadata reloaded: 1
 (0,0): [10/13/2018 03:01:20.743 PM] Unity.Transforms.Editor.dll: no prior compilation found in cache
 (0,0): [10/13/2018 03:01:20.755 PM] Unity.Transforms.Editor.dll compiling...
 (0,0): [10/13/2018 03:01:20.789 PM] Unity.Transforms.Editor.dll: emitting IL to : C:\UnityProjects\DungeonMakerRemake\DMR\Temp\Unity.Transforms.Editor.dll
 (0,0): [10/13/2018 03:01:20.815 PM] Unity.Transforms.Editor.dll compilation finished in 60ms  source files re-parsed: 1 metadata reloaded: 2
 (0,0): [10/13/2018 03:01:21.248 PM] Assembly-CSharp.dll: no prior compilation found in cache
 (0,0): [10/13/2018 03:01:21.260 PM] Assembly-CSharp.dll compiling...
 (0,0): [10/13/2018 03:01:21.458 PM] Assembly-CSharp.dll: emitting IL to : C:\UnityProjects\DungeonMakerRemake\DMR\Temp\Assembly-CSharp.dll
 (0,0): [10/13/2018 03:01:21.529 PM] Assembly-CSharp.dll compilation finished in 269ms  source files re-parsed: 41 metadata reloaded: 10
 (0,0): [10/13/2018 03:06:00.595 PM] Compiler cache size is now 16.94 MB
 (0,0): [10/13/2018 03:25:30.785 PM] Assembly-CSharp.dll: no prior compilation found in cache
 (0,0): [10/13/2018 03:25:30.797 PM] Assembly-CSharp.dll compiling...
 (0,0): [10/13/2018 03:25:30.926 PM] Assembly-CSharp.dll: emitting IL to : C:\UnityProjects\DungeonMakerRemake\DMR\Temp\Assembly-CSharp.dll
 (0,0): [10/13/2018 03:25:30.996 PM] Assembly-CSharp.dll compilation finished in 199ms  source files re-parsed: 42 metadata reloaded: 0
 (0,0): [10/13/2018 03:30:30.069 PM] Assembly-CSharp.dll: no prior compilation found in cache
 (0,0): [10/13/2018 03:30:30.081 PM] Assembly-CSharp.dll compiling...
 (0,0): [10/13/2018 03:30:30.181 PM] Assembly-CSharp.dll: emitting IL to : C:\UnityProjects\DungeonMakerRemake\DMR\Temp\Assembly-CSharp.dll
 (0,0): [10/13/2018 03:30:30.193 PM] Assembly-CSharp.dll compilation finished in 112ms  source files re-parsed: 43 metadata reloaded: 0
 (0,0): [10/13/2018 03:32:59.850 PM] Assembly-CSharp.dll compiling...
 (0,0): [10/13/2018 03:32:59.978 PM] Assembly-CSharp.dll: emitting IL to : C:\UnityProjects\DungeonMakerRemake\DMR\Temp\Assembly-CSharp.dll
 (0,0): [10/13/2018 03:33:00.046 PM] Assembly-CSharp.dll compilation finished in 195ms  source files re-parsed: 2 metadata reloaded: 0
 (0,0): [10/13/2018 03:33:00.058 PM] Assembly-CSharp.dll: compilation was cached, 2 file(s) were found to have changed.
 (0,0): [10/13/2018 03:33:32.404 PM] Assembly-CSharp.dll: no prior compilation found in cache
 (0,0): [10/13/2018 03:33:32.417 PM] Assembly-CSharp.dll compiling...
 (0,0): [10/13/2018 03:33:32.553 PM] Assembly-CSharp.dll: emitting IL to : C:\UnityProjects\DungeonMakerRemake\DMR\Temp\Assembly-CSharp.dll
 (0,0): [10/13/2018 03:33:32.603 PM] Assembly-CSharp.dll compilation finished in 186ms  source files re-parsed: 44 metadata reloaded: 0
 (0,0): [10/13/2018 03:33:39.567 PM] Unity.TextMeshPro.dll: no prior compilation found in cache
 (0,0): [10/13/2018 03:33:39.579 PM] Unity.TextMeshPro.dll compiling...
 (0,0): [10/13/2018 03:33:39.644 PM] Unity.Mathematics.dll: no prior compilation found in cache
 (0,0): [10/13/2018 03:33:39.657 PM] Unity.Mathematics.dll compiling...
 (0,0): [10/13/2018 03:33:39.869 PM] Unity.Properties.dll: no prior compilation found in cache
 (0,0): [10/13/2018 03:33:39.893 PM] Unity.Properties.dll compiling...
 (0,0): [10/13/2018 03:33:39.943 PM] UnityEditor.StandardEvents.dll: no prior compilation found in cache
 (0,0): [10/13/2018 03:33:39.966 PM] UnityEditor.StandardEvents.dll compiling...
 (0,0): [10/13/2018 03:33:40.130 PM] UnityEditor.StandardEvents.dll: emitting IL to : C:\UnityProjects\DungeonMakerRemake\DMR\Temp\UnityEditor.StandardEvents.dll
 (0,0): [10/13/2018 03:33:40.157 PM] Unity.PackageManagerUI.Editor.dll: no prior compilation found in cache
 (0,0): [10/13/2018 03:33:40.199 PM] Unity.PackageManagerUI.Editor.dll compiling...
 (0,0): [10/13/2018 03:33:40.273 PM] Unity.Burst.dll: no prior compilation found in cache
 (0,0): [10/13/2018 03:33:40.250 PM] UnityEditor.StandardEvents.dll compilation finished in 284ms  source files re-parsed: 1 metadata reloaded: 0
 (0,0): [10/13/2018 03:33:40.321 PM] Unity.Burst.dll compiling...
 (0,0): [10/13/2018 03:33:40.441 PM] Unity.Burst.dll: emitting IL to : C:\UnityProjects\DungeonMakerRemake\DMR\Temp\Unity.Burst.dll
 (0,0): [10/13/2018 03:33:40.467 PM] Unity.Properties.dll: emitting IL to : C:\UnityProjects\DungeonMakerRemake\DMR\Temp\Unity.Properties.dll
 (0,0): [10/13/2018 03:33:40.475 PM] Unity.Burst.dll compilation finished in 154ms  source files re-parsed: 3 metadata reloaded: 0
 (0,0): [10/13/2018 03:33:40.479 PM] Unity.PackageManagerUI.Editor.dll: emitting IL to : C:\UnityProjects\DungeonMakerRemake\DMR\Temp\Unity.PackageManagerUI.Editor.dll
 (0,0): [10/13/2018 03:33:40.527 PM] Unity.Properties.dll compilation finished in 633ms  source files re-parsed: 34 metadata reloaded: 0
 (0,0): [10/13/2018 03:33:40.585 PM] Unity.PackageManagerUI.Editor.dll compilation finished in 386ms  source files re-parsed: 44 metadata reloaded: 0
 (0,0): [10/13/2018 03:33:40.618 PM] Unity.TextMeshPro.dll: emitting IL to : C:\UnityProjects\DungeonMakerRemake\DMR\Temp\Unity.TextMeshPro.dll
 (0,0): [10/13/2018 03:33:40.812 PM] Unity.TextMeshPro.dll compilation finished in 1234ms  source files re-parsed: 45 metadata reloaded: 0
 (0,0): [10/13/2018 03:33:41.514 PM] Unity.Mathematics.dll: emitting IL to : C:\UnityProjects\DungeonMakerRemake\DMR\Temp\Unity.Mathematics.dll
 (0,0): [10/13/2018 03:33:41.567 PM] Unity.Mathematics.dll compilation finished in 1910ms  source files re-parsed: 82 metadata reloaded: 0
 (0,0): [10/13/2018 03:33:42.466 PM] Unity.Collections.dll: no prior compilation found in cache
 (0,0): [10/13/2018 03:33:42.479 PM] Unity.Collections.dll compiling...
 (0,0): [10/13/2018 03:33:42.541 PM] Unity.Collections.dll: emitting IL to : C:\UnityProjects\DungeonMakerRemake\DMR\Temp\Unity.Collections.dll
 (0,0): [10/13/2018 03:33:42.552 PM] Unity.Properties.Editor.dll: no prior compilation found in cache
 (0,0): [10/13/2018 03:33:42.564 PM] Unity.Properties.Editor.dll compiling...
 (0,0): [10/13/2018 03:33:42.598 PM] Unity.Collections.dll compilation finished in 119ms  source files re-parsed: 12 metadata reloaded: 1
 (0,0): [10/13/2018 03:33:42.654 PM] Unity.Properties.Codegen.dll: no prior compilation found in cache
 (0,0): [10/13/2018 03:33:42.661 PM] Unity.Properties.Editor.dll: emitting IL to : C:\UnityProjects\DungeonMakerRemake\DMR\Temp\Unity.Properties.Editor.dll
 (0,0): [10/13/2018 03:33:42.666 PM] Unity.Properties.Codegen.dll compiling...
 (0,0): [10/13/2018 03:33:42.720 PM] Unity.Properties.Editor.dll compilation finished in 156ms  source files re-parsed: 23 metadata reloaded: 1
 (0,0): [10/13/2018 03:33:42.721 PM] Unity.Properties.Codegen.dll: emitting IL to : C:\UnityProjects\DungeonMakerRemake\DMR\Temp\Unity.Properties.Codegen.dll
 (0,0): [10/13/2018 03:33:42.753 PM] Unity.Mathematics.Editor.dll: no prior compilation found in cache
 (0,0): [10/13/2018 03:33:42.765 PM] Unity.Mathematics.Editor.dll compiling...
 (0,0): [10/13/2018 03:33:42.765 PM] Unity.Properties.Codegen.dll compilation finished in 99ms  source files re-parsed: 7 metadata reloaded: 0
 (0,0): [10/13/2018 03:33:42.807 PM] Unity.Mathematics.Editor.dll: emitting IL to : C:\UnityProjects\DungeonMakerRemake\DMR\Temp\Unity.Mathematics.Editor.dll
 (0,0): [10/13/2018 03:33:42.854 PM] Unity.TextMeshPro.Editor.dll: no prior compilation found in cache
 (0,0): [10/13/2018 03:33:42.867 PM] Unity.TextMeshPro.Editor.dll compiling...
 (0,0): [10/13/2018 03:33:42.872 PM] Unity.Mathematics.Editor.dll compilation finished in 107ms  source files re-parsed: 4 metadata reloaded: 0
 (0,0): [10/13/2018 03:33:43.002 PM] Unity.Burst.Editor.dll: no prior compilation found in cache
 (0,0): [10/13/2018 03:33:43.014 PM] Unity.Burst.Editor.dll compiling...
 (0,0): [10/13/2018 03:33:43.039 PM] Unity.TextMeshPro.Editor.dll: emitting IL to : C:\UnityProjects\DungeonMakerRemake\DMR\Temp\Unity.TextMeshPro.Editor.dll
 (0,0): [10/13/2018 03:33:43.089 PM] Unity.Burst.Editor.dll: emitting IL to : C:\UnityProjects\DungeonMakerRemake\DMR\Temp\Unity.Burst.Editor.dll
 (0,0): [10/13/2018 03:33:43.092 PM] Unity.Jobs.dll: no prior compilation found in cache
 (0,0): [10/13/2018 03:33:43.104 PM] Unity.Jobs.dll compiling...
 (0,0): [10/13/2018 03:33:43.141 PM] Unity.Burst.Editor.dll compilation finished in 126ms  source files re-parsed: 10 metadata reloaded: 1
 (0,0): [10/13/2018 03:33:43.143 PM] Unity.Jobs.dll: emitting IL to : C:\UnityProjects\DungeonMakerRemake\DMR\Temp\Unity.Jobs.dll
 (0,0): [10/13/2018 03:33:43.151 PM] Unity.TextMeshPro.Editor.dll compilation finished in 284ms  source files re-parsed: 39 metadata reloaded: 1
 (0,0): [10/13/2018 03:33:43.168 PM] Unity.Entities.dll: no prior compilation found in cache
 (0,0): [10/13/2018 03:33:43.182 PM] Unity.Entities.dll compiling...
 (0,0): [10/13/2018 03:33:43.183 PM] Unity.Jobs.dll compilation finished in 78ms  source files re-parsed: 3 metadata reloaded: 1
 (0,0): [10/13/2018 03:33:43.430 PM] Unity.Entities.dll: emitting IL to : C:\UnityProjects\DungeonMakerRemake\DMR\Temp\Unity.Entities.dll
 (0,0): [10/13/2018 03:33:43.487 PM] Unity.Jobs.Editor.dll: no prior compilation found in cache
 (0,0): [10/13/2018 03:33:43.488 PM] Unity.Entities.dll compilation finished in 306ms  source files re-parsed: 58 metadata reloaded: 0
 (0,0): [10/13/2018 03:33:43.498 PM] Unity.Jobs.Editor.dll compiling...
 (0,0): [10/13/2018 03:33:43.532 PM] Unity.Jobs.Editor.dll: emitting IL to : C:\UnityProjects\DungeonMakerRemake\DMR\Temp\Unity.Jobs.Editor.dll
 (0,0): [10/13/2018 03:33:43.563 PM] Unity.Jobs.Editor.dll compilation finished in 65ms  source files re-parsed: 1 metadata reloaded: 1
 (0,0): [10/13/2018 03:33:43.999 PM] Unity.Entities.Hybrid.dll: no prior compilation found in cache
 (0,0): [10/13/2018 03:33:44.012 PM] Unity.Entities.Hybrid.dll compiling...
 (0,0): [10/13/2018 03:33:44.059 PM] Unity.Entities.Hybrid.dll: emitting IL to : C:\UnityProjects\DungeonMakerRemake\DMR\Temp\Unity.Entities.Hybrid.dll
 (0,0): [10/13/2018 03:33:44.105 PM] Unity.Entities.Hybrid.dll compilation finished in 93ms  source files re-parsed: 12 metadata reloaded: 1
 (0,0): [10/13/2018 03:33:44.535 PM] Unity.Transforms.dll: no prior compilation found in cache
 (0,0): [10/13/2018 03:33:44.547 PM] Unity.Transforms.dll compiling...
 (0,0): [10/13/2018 03:33:44.650 PM] Unity.Transforms.dll: emitting IL to : C:\UnityProjects\DungeonMakerRemake\DMR\Temp\Unity.Transforms.dll
 (0,0): [10/13/2018 03:33:44.698 PM] Unity.Transforms.dll compilation finished in 151ms  source files re-parsed: 9 metadata reloaded: 1
 (0,0): [10/13/2018 03:33:45.069 PM] Unity.Rendering.Hybrid.dll: no prior compilation found in cache
 (0,0): [10/13/2018 03:33:45.082 PM] Unity.Rendering.Hybrid.dll compiling...
 (0,0): [10/13/2018 03:33:45.128 PM] Unity.Rendering.Hybrid.dll: emitting IL to : C:\UnityProjects\DungeonMakerRemake\DMR\Temp\Unity.Rendering.Hybrid.dll
 (0,0): [10/13/2018 03:33:45.151 PM] Unity.Entities.Properties.dll: no prior compilation found in cache
 (0,0): [10/13/2018 03:33:45.163 PM] Unity.Entities.Properties.dll compiling...
 (0,0): [10/13/2018 03:33:45.172 PM] Unity.Rendering.Hybrid.dll compilation finished in 90ms  source files re-parsed: 9 metadata reloaded: 1
 (0,0): [10/13/2018 03:33:45.214 PM] Unity.Entities.Properties.dll: emitting IL to : C:\UnityProjects\DungeonMakerRemake\DMR\Temp\Unity.Entities.Properties.dll
 (0,0): [10/13/2018 03:33:45.269 PM] Unity.Entities.Properties.dll compilation finished in 106ms  source files re-parsed: 14 metadata reloaded: 0
 (0,0): [10/13/2018 03:33:45.271 PM] Unity.Transforms.Hybrid.dll: no prior compilation found in cache
 (0,0): [10/13/2018 03:33:45.283 PM] Unity.Transforms.Hybrid.dll compiling...
 (0,0): [10/13/2018 03:33:45.324 PM] Unity.Transforms.Hybrid.dll: emitting IL to : C:\UnityProjects\DungeonMakerRemake\DMR\Temp\Unity.Transforms.Hybrid.dll
 (0,0): [10/13/2018 03:33:45.350 PM] Unity.Transforms.Hybrid.dll compilation finished in 67ms  source files re-parsed: 6 metadata reloaded: 0
 (0,0): [10/13/2018 03:33:45.794 PM] Unity.Entities.Editor.dll: no prior compilation found in cache
 (0,0): [10/13/2018 03:33:45.807 PM] Unity.Entities.Editor.dll compiling...
 (0,0): [10/13/2018 03:33:45.928 PM] Unity.Entities.Editor.dll: emitting IL to : C:\UnityProjects\DungeonMakerRemake\DMR\Temp\Unity.Entities.Editor.dll
 (0,0): [10/13/2018 03:33:45.981 PM] Unity.Entities.Editor.dll compilation finished in 174ms  source files re-parsed: 25 metadata reloaded: 1
 (0,0): [10/13/2018 03:33:46.168 PM] Unity.Transforms.Editor.dll: no prior compilation found in cache
 (0,0): [10/13/2018 03:33:46.180 PM] Unity.Transforms.Editor.dll compiling...
 (0,0): [10/13/2018 03:33:46.215 PM] Unity.Transforms.Editor.dll: emitting IL to : C:\UnityProjects\DungeonMakerRemake\DMR\Temp\Unity.Transforms.Editor.dll
 (0,0): [10/13/2018 03:33:46.242 PM] Unity.Transforms.Editor.dll compilation finished in 62ms  source files re-parsed: 1 metadata reloaded: 2
 (0,0): [10/13/2018 03:33:46.747 PM] Assembly-CSharp.dll: no prior compilation found in cache
 (0,0): [10/13/2018 03:33:46.759 PM] Assembly-CSharp.dll compiling...
 (0,0): [10/13/2018 03:33:46.917 PM] Assembly-CSharp.dll: emitting IL to : C:\UnityProjects\DungeonMakerRemake\DMR\Temp\Assembly-CSharp.dll
 (0,0): [10/13/2018 03:33:46.982 PM] Assembly-CSharp.dll compilation finished in 223ms  source files re-parsed: 43 metadata reloaded: 10
 (0,0): [10/13/2018 03:34:19.357 PM] Assembly-CSharp.dll: no prior compilation found in cache
 (0,0): [10/13/2018 03:34:19.369 PM] Assembly-CSharp.dll compiling...
 (0,0): [10/13/2018 03:34:19.519 PM] Assembly-CSharp.dll: emitting IL to : C:\UnityProjects\DungeonMakerRemake\DMR\Temp\Assembly-CSharp.dll
 (0,0): [10/13/2018 03:34:19.568 PM] Assembly-CSharp.dll compilation finished in 199ms  source files re-parsed: 44 metadata reloaded: 0
 (0,0): [10/13/2018 03:35:58.878 PM] Assembly-CSharp.dll compiling...
 (0,0): [10/13/2018 03:35:58.989 PM] Assembly-CSharp.dll: emitting IL to : C:\UnityProjects\DungeonMakerRemake\DMR\Temp\Assembly-CSharp.dll
 (0,0): [10/13/2018 03:35:59.037 PM] Assembly-CSharp.dll compilation finished in 159ms  source files re-parsed: 1 metadata reloaded: 0
 (0,0): [10/13/2018 03:35:59.049 PM] Assembly-CSharp.dll: compilation was cached, 1 file(s) were found to have changed.
 (0,0): [10/13/2018 03:38:51.835 PM] Assembly-CSharp.dll compiling...
 (0,0): [10/13/2018 03:38:51.959 PM] Assembly-CSharp.dll: emitting IL to : C:\UnityProjects\DungeonMakerRemake\DMR\Temp\Assembly-CSharp.dll
 (0,0): [10/13/2018 03:38:52.012 PM] Assembly-CSharp.dll compilation finished in 176ms  source files re-parsed: 2 metadata reloaded: 0
 (0,0): [10/13/2018 03:38:52.024 PM] Assembly-CSharp.dll: compilation was cached, 2 file(s) were found to have changed.
 (0,0): [10/13/2018 03:41:28.055 PM] Assembly-CSharp.dll: no prior compilation found in cache
 (0,0): [10/13/2018 03:41:28.067 PM] Assembly-CSharp.dll compiling...
 (0,0): [10/13/2018 03:41:28.199 PM] Assembly-CSharp.dll: emitting IL to : C:\UnityProjects\DungeonMakerRemake\DMR\Temp\Assembly-CSharp.dll
 (0,0): [10/13/2018 03:41:28.249 PM] Assembly-CSharp.dll compilation finished in 182ms  source files re-parsed: 44 metadata reloaded: 0
 (0,0): [10/13/2018 03:41:36.659 PM] Assembly-CSharp.dll compiling...
 (0,0): [10/13/2018 03:41:36.765 PM] Assembly-CSharp.dll: emitting IL to : C:\UnityProjects\DungeonMakerRemake\DMR\Temp\Assembly-CSharp.dll
 (0,0): [10/13/2018 03:41:36.812 PM] Assembly-CSharp.dll compilation finished in 153ms  source files re-parsed: 1 metadata reloaded: 0
 (0,0): [10/13/2018 03:41:36.824 PM] Assembly-CSharp.dll: compilation was cached, 1 file(s) were found to have changed.
 (0,0): [10/13/2018 03:42:06.374 PM] Assembly-CSharp.dll compiling...
 (0,0): [10/13/2018 03:42:06.441 PM] Assembly-CSharp.dll: emitting IL to : C:\UnityProjects\DungeonMakerRemake\DMR\Temp\Assembly-CSharp.dll
 (0,0): [10/13/2018 03:42:06.453 PM] Assembly-CSharp.dll compilation finished in 79ms  source files re-parsed: 1 metadata reloaded: 0
 (0,0): [10/13/2018 03:42:06.465 PM] Assembly-CSharp.dll: compilation was cached, 1 file(s) were found to have changed.
 (0,0): [10/13/2018 03:42:19.236 PM] Assembly-CSharp.dll compiling...
 (0,0): [10/13/2018 03:42:19.301 PM] Assembly-CSharp.dll: emitting IL to : C:\UnityProjects\DungeonMakerRemake\DMR\Temp\Assembly-CSharp.dll
 (0,0): [10/13/2018 03:42:19.313 PM] Assembly-CSharp.dll compilation finished in 77ms  source files re-parsed: 1 metadata reloaded: 0
 (0,0): [10/13/2018 03:42:19.325 PM] Assembly-CSharp.dll: compilation was cached, 1 file(s) were found to have changed.
 (0,0): [10/13/2018 03:42:30.999 PM] Assembly-CSharp.dll: no prior compilation found in cache
 (0,0): [10/13/2018 03:42:31.011 PM] Assembly-CSharp.dll compiling...
 (0,0): [10/13/2018 03:42:31.104 PM] Assembly-CSharp.dll: emitting IL to : C:\UnityProjects\DungeonMakerRemake\DMR\Temp\Assembly-CSharp.dll
 (0,0): [10/13/2018 03:42:31.116 PM] Assembly-CSharp.dll compilation finished in 105ms  source files re-parsed: 44 metadata reloaded: 0
 (0,0): [10/13/2018 03:42:36.794 PM] Assembly-CSharp.dll: no prior compilation found in cache
 (0,0): [10/13/2018 03:42:36.807 PM] Assembly-CSharp.dll compiling...
 (0,0): [10/13/2018 03:42:36.890 PM] Assembly-CSharp.dll: emitting IL to : C:\UnityProjects\DungeonMakerRemake\DMR\Temp\Assembly-CSharp.dll
 (0,0): [10/13/2018 03:42:36.902 PM] Assembly-CSharp.dll compilation finished in 95ms  source files re-parsed: 44 metadata reloaded: 0
 (0,0): [10/13/2018 03:44:05.250 PM] Assembly-CSharp.dll compiling...
 (0,0): [10/13/2018 03:44:05.374 PM] Assembly-CSharp.dll: emitting IL to : C:\UnityProjects\DungeonMakerRemake\DMR\Temp\Assembly-CSharp.dll
 (0,0): [10/13/2018 03:44:05.422 PM] Assembly-CSharp.dll compilation finished in 171ms  source files re-parsed: 1 metadata reloaded: 0
 (0,0): [10/13/2018 03:44:05.434 PM] Assembly-CSharp.dll: compilation was cached, 1 file(s) were found to have changed.
 (0,0): [10/13/2018 03:45:29.548 PM] Assembly-CSharp.dll compiling...
 (0,0): [10/13/2018 03:45:29.655 PM] Assembly-CSharp.dll: emitting IL to : C:\UnityProjects\DungeonMakerRemake\DMR\Temp\Assembly-CSharp.dll
 (0,0): [10/13/2018 03:45:29.707 PM] Assembly-CSharp.dll compilation finished in 158ms  source files re-parsed: 1 metadata reloaded: 0
 (0,0): [10/13/2018 03:45:29.719 PM] Assembly-CSharp.dll: compilation was cached, 1 file(s) were found to have changed.
 (0,0): [10/13/2018 03:51:43.661 PM] Assembly-CSharp.dll compiling...
 (0,0): [10/13/2018 03:51:43.773 PM] Assembly-CSharp.dll: emitting IL to : C:\UnityProjects\DungeonMakerRemake\DMR\Temp\Assembly-CSharp.dll
 (0,0): [10/13/2018 03:51:43.832 PM] Assembly-CSharp.dll compilation finished in 171ms  source files re-parsed: 1 metadata reloaded: 0
 (0,0): [10/13/2018 03:51:43.844 PM] Assembly-CSharp.dll: compilation was cached, 1 file(s) were found to have changed.
 (0,0): [10/13/2018 03:55:31.570 PM] Assembly-CSharp.dll compiling...
 (0,0): [10/13/2018 03:55:31.638 PM] Assembly-CSharp.dll: emitting IL to : C:\UnityProjects\DungeonMakerRemake\DMR\Temp\Assembly-CSharp.dll
 (0,0): [10/13/2018 03:55:31.651 PM] Assembly-CSharp.dll compilation finished in 80ms  source files re-parsed: 1 metadata reloaded: 0
 (0,0): [10/13/2018 03:55:31.663 PM] Assembly-CSharp.dll: compilation was cached, 1 file(s) were found to have changed.
 (0,0): [10/13/2018 04:01:29.787 PM] Assembly-CSharp.dll compiling...
 (0,0): [10/13/2018 04:01:29.889 PM] Assembly-CSharp.dll: emitting IL to : C:\UnityProjects\DungeonMakerRemake\DMR\Temp\Assembly-CSharp.dll
 (0,0): [10/13/2018 04:01:29.943 PM] Assembly-CSharp.dll compilation finished in 155ms  source files re-parsed: 1 metadata reloaded: 0
 (0,0): [10/13/2018 04:01:29.955 PM] Assembly-CSharp.dll: compilation was cached, 1 file(s) were found to have changed.
